<?xml version="1.0" encoding="UTF-8"?>
<!-- Generated by org.testng.reporters.JUnitXMLReporter -->
<testsuite ignored="0" hostname="VED-APL00082" failures="0" tests="2" name="Default test" time="258.291" errors="0" timestamp="2025-06-26T16:12:48 IST">
  <testcase classname="io.cucumber.testng.AbstractTestNGCucumberTests" name="runScenario" time="112.222"/>
  <testcase classname="io.cucumber.testng.AbstractTestNGCucumberTests" name="runScenario" time="143.487"/>
</testsuite> <!-- Default test -->
