<?xml version="1.0" encoding="UTF-8"?>
<testsuite xmlns:xsi="http://www.w3.org/2001/XMLSchema-instance" xsi:noNamespaceSchemaLocation="https://maven.apache.org/surefire/maven-surefire-plugin/xsd/surefire-test-report-3.0.xsd" version="3.0" name="amazonRunners.TestRunner" time="372.949" tests="22" errors="0" skipped="0" failures="9">
  <properties>
[...]
</properties>
  <testcase name="runScenario[&quot;Add product to cart&quot;, &quot;Cart feature&quot;](1)" classname="amazonRunners.TestRunner" time="17.628">
    <system-out><![CDATA[
Scenario: Add product to cart                                                    # src/test/resources/amazonFeatures/Cart.feature:3
  Given User is on cart product details page                                     # amazonStepdefs.CartStepdefs.user_is_on_cart_product_details_page()
  Then user should be able to add product to cart on clicking add to cart button # amazonStepdefs.CartStepdefs.user_should_be_able_to_add_product_to_cart_on_clicking_add_to_cart_button()
]]></system-out>
    <system-err><![CDATA[SLF4J(W): No SLF4J providers were found.
SLF4J(W): Defaulting to no-operation (NOP) logger implementation
SLF4J(W): See https://www.slf4j.org/codes.html#noProviders for further details.
Jul 01, 2025 4:32:59 PM org.openqa.selenium.devtools.CdpVersionFinder findNearestMatch
WARNING: Unable to find an exact match for CDP version 137, returning the closest version; found: 136; Please update to a Selenium version that supports CDP version 137
log4j:WARN No appenders could be found for logger (amazonStepdefs.CartStepdefs).
log4j:WARN Please initialize the log4j system properly.
log4j:WARN See http://logging.apache.org/log4j/1.2/faq.html#noconfig for more info.
]]></system-err>
  </testcase>
  <testcase name="runScenario[&quot;Verify product is added to cart&quot;, &quot;Cart feature&quot;](2)" classname="amazonRunners.TestRunner" time="17.485">
    <failure message="no such element: Unable to locate element: {&quot;method&quot;:&quot;xpath&quot;,&quot;selector&quot;:&quot;//div[@class=&apos;a-section a-spacing-none a-padding-none&apos;]//input[@id=&apos;add-to-cart-button&apos;]&quot;}&#10;  (Session info: chrome=137.0.7151.120)&#10;For documentation on this error, please visit: https://www.selenium.dev/documentation/webdriver/troubleshooting/errors#no-such-element-exception&#10;Build info: version: &apos;4.32.0&apos;, revision: &apos;d17c8aa950&apos;&#10;System info: os.name: &apos;Mac OS X&apos;, os.arch: &apos;aarch64&apos;, os.version: &apos;15.5&apos;, java.version: &apos;24.0.1&apos;&#10;Driver info: org.openqa.selenium.chrome.ChromeDriver&#10;Command: [f0c0a6e023f2ee87839a0a69a9f41887, findElement {using=xpath, value=//div[@class=&apos;a-section a-spacing-none a-padding-none&apos;]//input[@id=&apos;add-to-cart-button&apos;]}]&#10;Capabilities {acceptInsecureCerts: false, browserName: chrome, browserVersion: 137.0.7151.120, chrome: {chromedriverVersion: 137.0.7151.119 (e0ac9d12dff..., userDataDir: /var/folders/w2/s02xvqn17mn...}, fedcm:accounts: true, goog:chromeOptions: {debuggerAddress: localhost:61809}, networkConnectionEnabled: false, pageLoadStrategy: normal, platformName: mac, proxy: Proxy(), se:cdp: ws://localhost:61809/devtoo..., se:cdpVersion: 137.0.7151.120, setWindowRect: true, strictFileInteractability: false, timeouts: {implicit: 0, pageLoad: 300000, script: 30000}, unhandledPromptBehavior: dismiss and notify, webauthn:extension:credBlob: true, webauthn:extension:largeBlob: true, webauthn:extension:minPinLength: true, webauthn:extension:prf: true, webauthn:virtualAuthenticators: true}&#10;Session ID: f0c0a6e023f2ee87839a0a69a9f41887" type="org.openqa.selenium.NoSuchElementException"><![CDATA[org.openqa.selenium.NoSuchElementException: 
no such element: Unable to locate element: {"method":"xpath","selector":"//div[@class='a-section a-spacing-none a-padding-none']//input[@id='add-to-cart-button']"}
  (Session info: chrome=137.0.7151.120)
For documentation on this error, please visit: https://www.selenium.dev/documentation/webdriver/troubleshooting/errors#no-such-element-exception
Build info: version: '4.32.0', revision: 'd17c8aa950'
System info: os.name: 'Mac OS X', os.arch: 'aarch64', os.version: '15.5', java.version: '24.0.1'
Driver info: org.openqa.selenium.chrome.ChromeDriver
Command: [f0c0a6e023f2ee87839a0a69a9f41887, findElement {using=xpath, value=//div[@class='a-section a-spacing-none a-padding-none']//input[@id='add-to-cart-button']}]
Capabilities {acceptInsecureCerts: false, browserName: chrome, browserVersion: 137.0.7151.120, chrome: {chromedriverVersion: 137.0.7151.119 (e0ac9d12dff..., userDataDir: /var/folders/w2/s02xvqn17mn...}, fedcm:accounts: true, goog:chromeOptions: {debuggerAddress: localhost:61809}, networkConnectionEnabled: false, pageLoadStrategy: normal, platformName: mac, proxy: Proxy(), se:cdp: ws://localhost:61809/devtoo..., se:cdpVersion: 137.0.7151.120, setWindowRect: true, strictFileInteractability: false, timeouts: {implicit: 0, pageLoad: 300000, script: 30000}, unhandledPromptBehavior: dismiss and notify, webauthn:extension:credBlob: true, webauthn:extension:largeBlob: true, webauthn:extension:minPinLength: true, webauthn:extension:prf: true, webauthn:virtualAuthenticators: true}
Session ID: f0c0a6e023f2ee87839a0a69a9f41887
	at java.base/jdk.internal.reflect.DirectConstructorHandleAccessor.newInstance(DirectConstructorHandleAccessor.java:62)
	at java.base/java.lang.reflect.Constructor.newInstanceWithCaller(Constructor.java:499)
	at java.base/java.lang.reflect.Constructor.newInstance(Constructor.java:483)
	at org.openqa.selenium.remote.ErrorCodec.decode(ErrorCodec.java:167)
	at org.openqa.selenium.remote.codec.w3c.W3CHttpResponseCodec.decode(W3CHttpResponseCodec.java:138)
	at org.openqa.selenium.remote.codec.w3c.W3CHttpResponseCodec.decode(W3CHttpResponseCodec.java:50)
	at org.openqa.selenium.remote.HttpCommandExecutor.execute(HttpCommandExecutor.java:215)
	at org.openqa.selenium.remote.service.DriverCommandExecutor.invokeExecute(DriverCommandExecutor.java:216)
	at org.openqa.selenium.remote.service.DriverCommandExecutor.execute(DriverCommandExecutor.java:174)
	at org.openqa.selenium.remote.RemoteWebDriver.execute(RemoteWebDriver.java:545)
	at org.openqa.selenium.remote.ElementLocation$ElementFinder$2.findElement(ElementLocation.java:165)
	at org.openqa.selenium.remote.ElementLocation.findElement(ElementLocation.java:59)
	at org.openqa.selenium.remote.RemoteWebDriver.findElement(RemoteWebDriver.java:368)
	at org.openqa.selenium.remote.RemoteWebDriver.findElement(RemoteWebDriver.java:362)
	at org.openqa.selenium.support.pagefactory.DefaultElementLocator.findElement(DefaultElementLocator.java:68)
	at org.openqa.selenium.support.pagefactory.internal.LocatingElementHandler.invoke(LocatingElementHandler.java:38)
	at jdk.proxy2/jdk.proxy2.$Proxy22.click(Unknown Source)
	at amazonPages.CartPage.addCart(CartPage.java:46)
	at amazonStepdefs.CartStepdefs.user_clicks_on_add_to_cart(CartStepdefs.java:31)
	at ✽.User clicks on add to cart(file:///Users/lt535j/eclipse-workspace/Amazon/src/test/resources/amazonFeatures/Cart.feature:9)
]]></failure>
    <system-out><![CDATA[
Scenario: Verify product is added to cart    # src/test/resources/amazonFeatures/Cart.feature:7
  Given User is on cart product details page # amazonStepdefs.CartStepdefs.user_is_on_cart_product_details_page()
  When User clicks on add to cart            # amazonStepdefs.CartStepdefs.user_clicks_on_add_to_cart()
      org.openqa.selenium.NoSuchElementException: no such element: Unable to locate element: {"method":"xpath","selector":"//div[@class='a-section a-spacing-none a-padding-none']//input[@id='add-to-cart-button']"}
  (Session info: chrome=137.0.7151.120)
For documentation on this error, please visit: https://www.selenium.dev/documentation/webdriver/troubleshooting/errors#no-such-element-exception
Build info: version: '4.32.0', revision: 'd17c8aa950'
System info: os.name: 'Mac OS X', os.arch: 'aarch64', os.version: '15.5', java.version: '24.0.1'
Driver info: org.openqa.selenium.chrome.ChromeDriver
Command: [f0c0a6e023f2ee87839a0a69a9f41887, findElement {using=xpath, value=//div[@class='a-section a-spacing-none a-padding-none']//input[@id='add-to-cart-button']}]
Capabilities {acceptInsecureCerts: false, browserName: chrome, browserVersion: 137.0.7151.120, chrome: {chromedriverVersion: 137.0.7151.119 (e0ac9d12dff..., userDataDir: /var/folders/w2/s02xvqn17mn...}, fedcm:accounts: true, goog:chromeOptions: {debuggerAddress: localhost:61809}, networkConnectionEnabled: false, pageLoadStrategy: normal, platformName: mac, proxy: Proxy(), se:cdp: ws://localhost:61809/devtoo..., se:cdpVersion: 137.0.7151.120, setWindowRect: true, strictFileInteractability: false, timeouts: {implicit: 0, pageLoad: 300000, script: 30000}, unhandledPromptBehavior: dismiss and notify, webauthn:extension:credBlob: true, webauthn:extension:largeBlob: true, webauthn:extension:minPinLength: true, webauthn:extension:prf: true, webauthn:virtualAuthenticators: true}
Session ID: f0c0a6e023f2ee87839a0a69a9f41887
	at java.base/jdk.internal.reflect.DirectConstructorHandleAccessor.newInstance(DirectConstructorHandleAccessor.java:62)
	at java.base/java.lang.reflect.Constructor.newInstanceWithCaller(Constructor.java:499)
	at java.base/java.lang.reflect.Constructor.newInstance(Constructor.java:483)
	at org.openqa.selenium.remote.ErrorCodec.decode(ErrorCodec.java:167)
	at org.openqa.selenium.remote.codec.w3c.W3CHttpResponseCodec.decode(W3CHttpResponseCodec.java:138)
	at org.openqa.selenium.remote.codec.w3c.W3CHttpResponseCodec.decode(W3CHttpResponseCodec.java:50)
	at org.openqa.selenium.remote.HttpCommandExecutor.execute(HttpCommandExecutor.java:215)
	at org.openqa.selenium.remote.service.DriverCommandExecutor.invokeExecute(DriverCommandExecutor.java:216)
	at org.openqa.selenium.remote.service.DriverCommandExecutor.execute(DriverCommandExecutor.java:174)
	at org.openqa.selenium.remote.RemoteWebDriver.execute(RemoteWebDriver.java:545)
	at org.openqa.selenium.remote.ElementLocation$ElementFinder$2.findElement(ElementLocation.java:165)
	at org.openqa.selenium.remote.ElementLocation.findElement(ElementLocation.java:59)
	at org.openqa.selenium.remote.RemoteWebDriver.findElement(RemoteWebDriver.java:368)
	at org.openqa.selenium.remote.RemoteWebDriver.findElement(RemoteWebDriver.java:362)
	at org.openqa.selenium.support.pagefactory.DefaultElementLocator.findElement(DefaultElementLocator.java:68)
	at org.openqa.selenium.support.pagefactory.internal.LocatingElementHandler.invoke(LocatingElementHandler.java:38)
	at jdk.proxy2/jdk.proxy2.$Proxy22.click(Unknown Source)
	at amazonPages.CartPage.addCart(CartPage.java:46)
	at amazonStepdefs.CartStepdefs.user_clicks_on_add_to_cart(CartStepdefs.java:31)
	at ✽.User clicks on add to cart(file:///Users/lt535j/eclipse-workspace/Amazon/src/test/resources/amazonFeatures/Cart.feature:9)

  Then product should be added to cart       # amazonStepdefs.CartStepdefs.product_should_be_added_to_cart()
]]></system-out>
    <system-err><![CDATA[Jul 01, 2025 4:33:15 PM org.openqa.selenium.devtools.CdpVersionFinder findNearestMatch
WARNING: Unable to find an exact match for CDP version 137, returning the closest version; found: 136; Please update to a Selenium version that supports CDP version 137
]]></system-err>
  </testcase>
  <testcase name="runScenario[&quot;Increase product quantity in cart&quot;, &quot;Cart feature&quot;](3)" classname="amazonRunners.TestRunner" time="15.69">
    <failure message="Cannot invoke &quot;amazonPages.CartPage.cartPage()&quot; because &quot;this.cartpge&quot; is null" type="java.lang.NullPointerException"><![CDATA[java.lang.NullPointerException: Cannot invoke "amazonPages.CartPage.cartPage()" because "this.cartpge" is null
	at amazonStepdefs.CartStepdefs.user_is_on_cart_page(CartStepdefs.java:41)
	at ✽.User is on cart page(file:///Users/lt535j/eclipse-workspace/Amazon/src/test/resources/amazonFeatures/Cart.feature:13)
]]></failure>
    <system-out><![CDATA[
Scenario: Increase product quantity in cart      # src/test/resources/amazonFeatures/Cart.feature:12
  Given User is on cart page                     # amazonStepdefs.CartStepdefs.user_is_on_cart_page()
      java.lang.NullPointerException: Cannot invoke "amazonPages.CartPage.cartPage()" because "this.cartpge" is null
	at amazonStepdefs.CartStepdefs.user_is_on_cart_page(CartStepdefs.java:41)
	at ✽.User is on cart page(file:///Users/lt535j/eclipse-workspace/Amazon/src/test/resources/amazonFeatures/Cart.feature:13)

  When user clicks on + next to product quantity # amazonStepdefs.CartStepdefs.user_clicks_on_next_to_product_quantity()
  Then quantity should get increased by 1        # amazonStepdefs.CartStepdefs.quantity_should_get_increased_by(java.lang.Integer)
]]></system-out>
    <system-err><![CDATA[Jul 01, 2025 4:33:33 PM org.openqa.selenium.devtools.CdpVersionFinder findNearestMatch
WARNING: Unable to find an exact match for CDP version 137, returning the closest version; found: 136; Please update to a Selenium version that supports CDP version 137
]]></system-err>
  </testcase>
  <testcase name="runScenario[&quot;Remove product quantity&quot;, &quot;Cart feature&quot;](4)" classname="amazonRunners.TestRunner" time="14.082">
    <failure message="Cannot invoke &quot;amazonPages.CartPage.cartPage()&quot; because &quot;this.cartpge&quot; is null" type="java.lang.NullPointerException"><![CDATA[java.lang.NullPointerException: Cannot invoke "amazonPages.CartPage.cartPage()" because "this.cartpge" is null
	at amazonStepdefs.CartStepdefs.user_is_on_cart_page(CartStepdefs.java:41)
	at ✽.User is on cart page(file:///Users/lt535j/eclipse-workspace/Amazon/src/test/resources/amazonFeatures/Cart.feature:18)
]]></failure>
    <system-out><![CDATA[
Scenario: Remove product quantity                    # src/test/resources/amazonFeatures/Cart.feature:17
  Given User is on cart page                         # amazonStepdefs.CartStepdefs.user_is_on_cart_page()
      java.lang.NullPointerException: Cannot invoke "amazonPages.CartPage.cartPage()" because "this.cartpge" is null
	at amazonStepdefs.CartStepdefs.user_is_on_cart_page(CartStepdefs.java:41)
	at ✽.User is on cart page(file:///Users/lt535j/eclipse-workspace/Amazon/src/test/resources/amazonFeatures/Cart.feature:18)

  When quantity is greater than 1                    # amazonStepdefs.CartStepdefs.quantity_is_greater_than(java.lang.Integer)
  When user clicks on minus next to product quantity # amazonStepdefs.CartStepdefs.user_clicks_on_minus_next_to_product_quantity()
  Then quantity should get decreased by 1            # amazonStepdefs.CartStepdefs.quantity_should_get_decreased_by(java.lang.Integer)
]]></system-out>
    <system-err><![CDATA[Jul 01, 2025 4:33:48 PM org.openqa.selenium.devtools.CdpVersionFinder findNearestMatch
WARNING: Unable to find an exact match for CDP version 137, returning the closest version; found: 136; Please update to a Selenium version that supports CDP version 137
]]></system-err>
  </testcase>
  <testcase name="runScenario[&quot;Verify cart empty message&quot;, &quot;Cart feature&quot;](5)" classname="amazonRunners.TestRunner" time="13.496">
    <failure message="Cannot invoke &quot;amazonPages.CartPage.cartPage()&quot; because &quot;this.cartpge&quot; is null" type="java.lang.NullPointerException"><![CDATA[java.lang.NullPointerException: Cannot invoke "amazonPages.CartPage.cartPage()" because "this.cartpge" is null
	at amazonStepdefs.CartStepdefs.user_is_on_cart_page(CartStepdefs.java:41)
	at ✽.User is on cart page(file:///Users/lt535j/eclipse-workspace/Amazon/src/test/resources/amazonFeatures/Cart.feature:24)
]]></failure>
    <system-out><![CDATA[
Scenario: Verify cart empty message      # src/test/resources/amazonFeatures/Cart.feature:23
  Given User is on cart page             # amazonStepdefs.CartStepdefs.user_is_on_cart_page()
      java.lang.NullPointerException: Cannot invoke "amazonPages.CartPage.cartPage()" because "this.cartpge" is null
	at amazonStepdefs.CartStepdefs.user_is_on_cart_page(CartStepdefs.java:41)
	at ✽.User is on cart page(file:///Users/lt535j/eclipse-workspace/Amazon/src/test/resources/amazonFeatures/Cart.feature:24)

  When no product is added to cart       # amazonStepdefs.CartStepdefs.no_product_is_added_to_cart()
  Then cart empty message should display # amazonStepdefs.CartStepdefs.cart_empty_message_should_display()
]]></system-out>
    <system-err><![CDATA[Jul 01, 2025 4:34:02 PM org.openqa.selenium.devtools.CdpVersionFinder findNearestMatch
WARNING: Unable to find an exact match for CDP version 137, returning the closest version; found: 136; Please update to a Selenium version that supports CDP version 137
]]></system-err>
  </testcase>
  <testcase name="runScenario[&quot;Verify Home page title&quot;, &quot;Home Page&quot;](6)" classname="amazonRunners.TestRunner" time="13.781">
    <system-out><![CDATA[
Scenario: Verify Home page title                     # src/test/resources/amazonFeatures/Home.feature:3
  Given User is on home page                         # amazonStepdefs.HomeStepdefs.user_is_on_home_page()
  Then Expected page title should match actual title # amazonStepdefs.HomeStepdefs.expected_page_title_should_match_actual_title()
]]></system-out>
    <system-err><![CDATA[Jul 01, 2025 4:34:16 PM org.openqa.selenium.devtools.CdpVersionFinder findNearestMatch
WARNING: Unable to find an exact match for CDP version 137, returning the closest version; found: 136; Please update to a Selenium version that supports CDP version 137
]]></system-err>
  </testcase>
  <testcase name="runScenario[&quot;Verify Amazon logo is displayed&quot;, &quot;Home Page&quot;](7)" classname="amazonRunners.TestRunner" time="13.638">
    <system-out><![CDATA[
Scenario: Verify Amazon logo is displayed # src/test/resources/amazonFeatures/Home.feature:7
  Given User is on home page              # amazonStepdefs.HomeStepdefs.user_is_on_home_page()
  Then Amazon logo should be displayed    # amazonStepdefs.HomeStepdefs.amazon_logo_should_be_displayed()
]]></system-out>
    <system-err><![CDATA[Jul 01, 2025 4:34:30 PM org.openqa.selenium.devtools.CdpVersionFinder findNearestMatch
WARNING: Unable to find an exact match for CDP version 137, returning the closest version; found: 136; Please update to a Selenium version that supports CDP version 137
]]></system-err>
  </testcase>
  <testcase name="runScenario[&quot;Verify search box is present and enabled&quot;, &quot;Home Page&quot;](8)" classname="amazonRunners.TestRunner" time="16.974">
    <system-out><![CDATA[
Scenario: Verify search box is present and enabled # src/test/resources/amazonFeatures/Home.feature:11
  Given User is on home page                       # amazonStepdefs.HomeStepdefs.user_is_on_home_page()
  Then search box should be present                # amazonStepdefs.HomeStepdefs.search_box_should_be_present()
  And search box should be enabled                 # amazonStepdefs.HomeStepdefs.search_box_should_be_enabled()
]]></system-out>
    <system-err><![CDATA[Jul 01, 2025 4:34:43 PM org.openqa.selenium.devtools.CdpVersionFinder findNearestMatch
WARNING: Unable to find an exact match for CDP version 137, returning the closest version; found: 136; Please update to a Selenium version that supports CDP version 137
]]></system-err>
  </testcase>
  <testcase name="runScenario[&quot;Verify cart icon is visible&quot;, &quot;Home Page&quot;](9)" classname="amazonRunners.TestRunner" time="12.36">
    <system-out><![CDATA[
Scenario: Verify cart icon is visible # src/test/resources/amazonFeatures/Home.feature:16
  Given User is on home page          # amazonStepdefs.HomeStepdefs.user_is_on_home_page()
  Then cart icon should be visible    # amazonStepdefs.HomeStepdefs.cart_icon_should_be_visible()
]]></system-out>
    <system-err><![CDATA[Jul 01, 2025 4:35:00 PM org.openqa.selenium.devtools.CdpVersionFinder findNearestMatch
WARNING: Unable to find an exact match for CDP version 137, returning the closest version; found: 136; Please update to a Selenium version that supports CDP version 137
]]></system-err>
  </testcase>
  <testcase name="runScenario[&quot;Verify sign-in option is available&quot;, &quot;Home Page&quot;](10)" classname="amazonRunners.TestRunner" time="13.348">
    <system-out><![CDATA[
Scenario: Verify sign-in option is available # src/test/resources/amazonFeatures/Home.feature:20
  Given User is on home page                 # amazonStepdefs.HomeStepdefs.user_is_on_home_page()
  Then sign-in option should be available    # amazonStepdefs.HomeStepdefs.sign_in_option_should_be_available()
]]></system-out>
    <system-err><![CDATA[Jul 01, 2025 4:35:13 PM org.openqa.selenium.devtools.CdpVersionFinder findNearestMatch
WARNING: Unable to find an exact match for CDP version 137, returning the closest version; found: 136; Please update to a Selenium version that supports CDP version 137
]]></system-err>
  </testcase>
  <testcase name="runScenario[&quot;Search for product&quot;, &quot;Product Search&quot;](11)" classname="amazonRunners.TestRunner" time="15.339">
    <system-out><![CDATA[
Scenario: Search for product                    # src/test/resources/amazonFeatures/Productsearcg.feature:3
  Given User is on product search page          # amazonStepdefs.ProductSearchStepdefs.user_is_on_product_search_page()
  When user enters a product name in search bar # amazonStepdefs.ProductSearchStepdefs.user_enters_a_product_name_in_search_bar()
  And should be able to click on search         # amazonStepdefs.ProductSearchStepdefs.should_be_able_to_click_on_search()
]]></system-out>
    <system-err><![CDATA[Jul 01, 2025 4:35:26 PM org.openqa.selenium.devtools.CdpVersionFinder findNearestMatch
WARNING: Unable to find an exact match for CDP version 137, returning the closest version; found: 136; Please update to a Selenium version that supports CDP version 137
]]></system-err>
  </testcase>
  <testcase name="runScenario[&quot;Verify search results are displayed&quot;, &quot;Product Search&quot;](12)" classname="amazonRunners.TestRunner" time="18.972">
    <system-out><![CDATA[
Scenario: Verify search results are displayed # src/test/resources/amazonFeatures/Productsearcg.feature:8
  Given User is on product search page        # amazonStepdefs.ProductSearchStepdefs.user_is_on_product_search_page()
  When user searches for product              # amazonStepdefs.ProductSearchStepdefs.user_searches_for_product()
  Then product search results should display  # amazonStepdefs.ProductSearchStepdefs.product_search_results_should_display()
]]></system-out>
    <system-err><![CDATA[Jul 01, 2025 4:35:41 PM org.openqa.selenium.devtools.CdpVersionFinder findNearestMatch
WARNING: Unable to find an exact match for CDP version 137, returning the closest version; found: 136; Please update to a Selenium version that supports CDP version 137
]]></system-err>
  </testcase>
  <testcase name="runScenario[&quot;Verify product titles contain search term&quot;, &quot;Product Search&quot;](13)" classname="amazonRunners.TestRunner" time="19.011">
    <system-out><![CDATA[
Scenario: Verify product titles contain search term # src/test/resources/amazonFeatures/Productsearcg.feature:13
  Given User is on product search page              # amazonStepdefs.ProductSearchStepdefs.user_is_on_product_search_page()
  When user searches for product                    # amazonStepdefs.ProductSearchStepdefs.user_searches_for_product()
  Then product search results should display        # amazonStepdefs.ProductSearchStepdefs.product_search_results_should_display()
Title contain search text
  And should contain search text in the title       # amazonStepdefs.ProductSearchStepdefs.should_contain_search_text_in_the_title()
]]></system-out>
    <system-err><![CDATA[Jul 01, 2025 4:36:00 PM org.openqa.selenium.devtools.CdpVersionFinder findNearestMatch
WARNING: Unable to find an exact match for CDP version 137, returning the closest version; found: 136; Please update to a Selenium version that supports CDP version 137
]]></system-err>
  </testcase>
  <testcase name="runScenario[&quot;Apply filters&quot;, &quot;Product Search&quot;](14)" classname="amazonRunners.TestRunner" time="17.692">
    <system-out><![CDATA[
Scenario: Apply filters                                      # src/test/resources/amazonFeatures/Productsearcg.feature:19
  Given User is on product search page                       # amazonStepdefs.ProductSearchStepdefs.user_is_on_product_search_page()
  When user applies filters                                  # amazonStepdefs.ProductSearchStepdefs.user_applies_filters()
products not filtered
  Then products that match filters only should get displayed # amazonStepdefs.ProductSearchStepdefs.products_that_match_filters_only_should_get_displayed()
]]></system-out>
    <system-err><![CDATA[Jul 01, 2025 4:36:19 PM org.openqa.selenium.devtools.CdpVersionFinder findNearestMatch
WARNING: Unable to find an exact match for CDP version 137, returning the closest version; found: 136; Please update to a Selenium version that supports CDP version 137
]]></system-err>
  </testcase>
  <testcase name="runScenario[&quot;Sort results by price&quot;, &quot;Product Search&quot;](15)" classname="amazonRunners.TestRunner" time="18.642">
    <system-out><![CDATA[
Scenario: Sort results by price            # src/test/resources/amazonFeatures/Productsearcg.feature:24
  Given User is on product search page     # amazonStepdefs.ProductSearchStepdefs.user_is_on_product_search_page()
  When user sorts results by low to high   # amazonStepdefs.ProductSearchStepdefs.user_sorts_results_by_low_to_high()
  Then products should display accordingly # amazonStepdefs.ProductSearchStepdefs.products_should_display_accordingly()
]]></system-out>
    <system-err><![CDATA[Jul 01, 2025 4:36:37 PM org.openqa.selenium.devtools.CdpVersionFinder findNearestMatch
WARNING: Unable to find an exact match for CDP version 137, returning the closest version; found: 136; Please update to a Selenium version that supports CDP version 137
]]></system-err>
  </testcase>
  <testcase name="runScenario[&quot;Click on Login button&quot;, &quot;Login feature&quot;](16)" classname="amazonRunners.TestRunner" time="17.524">
    <system-out><![CDATA[
Scenario: Click on Login button           # src/test/resources/amazonFeatures/login.feature:3
  Given user is on home page              # amazonStepdefs.LoginStepdefs.user_is_on_home_page()
  When user clicks on signin in home page # amazonStepdefs.LoginStepdefs.user_clicks_on_signin_in_home_page()
  Then user should redirect to login page # amazonStepdefs.LoginStepdefs.user_should_redirect_to_login_page()
]]></system-out>
    <system-err><![CDATA[Jul 01, 2025 4:36:56 PM org.openqa.selenium.devtools.CdpVersionFinder findNearestMatch
WARNING: Unable to find an exact match for CDP version 137, returning the closest version; found: 136; Please update to a Selenium version that supports CDP version 137
]]></system-err>
  </testcase>
  <testcase name="runScenario[&quot;Verify login with valid creds&quot;, &quot;Login feature&quot;](17)" classname="amazonRunners.TestRunner" time="22.259">
    <system-out><![CDATA[
Scenario: Verify login with valid creds          # src/test/resources/amazonFeatures/login.feature:8
  Given user is on login page                    # amazonStepdefs.LoginStepdefs.user_is_on_login_page()
  When user enter username "priyat908@yahoo.com" # amazonStepdefs.LoginStepdefs.user_enter_username(java.lang.String)
  And clicks on continue                         # amazonStepdefs.LoginStepdefs.clicks_on_continue()
  Then user should redirect to password page     # amazonStepdefs.LoginStepdefs.user_should_redirect_to_password_page()
  When user enters password "Wonder@2023"        # amazonStepdefs.LoginStepdefs.user_enters_password(java.lang.String)
  And clicks on signin button in login page      # amazonStepdefs.LoginStepdefs.clicks_on_signin_button_in_login_page()
  Then user should redirect to home page         # amazonStepdefs.LoginStepdefs.user_should_redirect_to_home_page()
]]></system-out>
    <system-err><![CDATA[Jul 01, 2025 4:37:13 PM org.openqa.selenium.devtools.CdpVersionFinder findNearestMatch
WARNING: Unable to find an exact match for CDP version 137, returning the closest version; found: 136; Please update to a Selenium version that supports CDP version 137
]]></system-err>
  </testcase>
  <testcase name="runScenario[&quot;select a product from search results&quot;, &quot;Product selection &amp; details&quot;](18)" classname="amazonRunners.TestRunner" time="18.463">
    <failure message="no such element: Unable to locate element: {&quot;method&quot;:&quot;xpath&quot;,&quot;selector&quot;:&quot;//h2[text()=&apos;Results&apos;]&quot;}&#10;  (Session info: chrome=137.0.7151.120)&#10;For documentation on this error, please visit: https://www.selenium.dev/documentation/webdriver/troubleshooting/errors#no-such-element-exception&#10;Build info: version: &apos;4.32.0&apos;, revision: &apos;d17c8aa950&apos;&#10;System info: os.name: &apos;Mac OS X&apos;, os.arch: &apos;aarch64&apos;, os.version: &apos;15.5&apos;, java.version: &apos;24.0.1&apos;&#10;Driver info: org.openqa.selenium.chrome.ChromeDriver&#10;Command: [0ad7a0ea4fb2ee8be1de8f27dc6c91bf, findElement {using=xpath, value=//h2[text()=&apos;Results&apos;]}]&#10;Capabilities {acceptInsecureCerts: false, browserName: chrome, browserVersion: 137.0.7151.120, chrome: {chromedriverVersion: 137.0.7151.119 (e0ac9d12dff..., userDataDir: /var/folders/w2/s02xvqn17mn...}, fedcm:accounts: true, goog:chromeOptions: {debuggerAddress: localhost:63988}, networkConnectionEnabled: false, pageLoadStrategy: normal, platformName: mac, proxy: Proxy(), se:cdp: ws://localhost:63988/devtoo..., se:cdpVersion: 137.0.7151.120, setWindowRect: true, strictFileInteractability: false, timeouts: {implicit: 0, pageLoad: 300000, script: 30000}, unhandledPromptBehavior: dismiss and notify, webauthn:extension:credBlob: true, webauthn:extension:largeBlob: true, webauthn:extension:minPinLength: true, webauthn:extension:prf: true, webauthn:virtualAuthenticators: true}&#10;Session ID: 0ad7a0ea4fb2ee8be1de8f27dc6c91bf" type="org.openqa.selenium.NoSuchElementException"><![CDATA[org.openqa.selenium.NoSuchElementException: 
no such element: Unable to locate element: {"method":"xpath","selector":"//h2[text()='Results']"}
  (Session info: chrome=137.0.7151.120)
For documentation on this error, please visit: https://www.selenium.dev/documentation/webdriver/troubleshooting/errors#no-such-element-exception
Build info: version: '4.32.0', revision: 'd17c8aa950'
System info: os.name: 'Mac OS X', os.arch: 'aarch64', os.version: '15.5', java.version: '24.0.1'
Driver info: org.openqa.selenium.chrome.ChromeDriver
Command: [0ad7a0ea4fb2ee8be1de8f27dc6c91bf, findElement {using=xpath, value=//h2[text()='Results']}]
Capabilities {acceptInsecureCerts: false, browserName: chrome, browserVersion: 137.0.7151.120, chrome: {chromedriverVersion: 137.0.7151.119 (e0ac9d12dff..., userDataDir: /var/folders/w2/s02xvqn17mn...}, fedcm:accounts: true, goog:chromeOptions: {debuggerAddress: localhost:63988}, networkConnectionEnabled: false, pageLoadStrategy: normal, platformName: mac, proxy: Proxy(), se:cdp: ws://localhost:63988/devtoo..., se:cdpVersion: 137.0.7151.120, setWindowRect: true, strictFileInteractability: false, timeouts: {implicit: 0, pageLoad: 300000, script: 30000}, unhandledPromptBehavior: dismiss and notify, webauthn:extension:credBlob: true, webauthn:extension:largeBlob: true, webauthn:extension:minPinLength: true, webauthn:extension:prf: true, webauthn:virtualAuthenticators: true}
Session ID: 0ad7a0ea4fb2ee8be1de8f27dc6c91bf
	at java.base/jdk.internal.reflect.DirectConstructorHandleAccessor.newInstance(DirectConstructorHandleAccessor.java:62)
	at java.base/java.lang.reflect.Constructor.newInstanceWithCaller(Constructor.java:499)
	at java.base/java.lang.reflect.Constructor.newInstance(Constructor.java:483)
	at org.openqa.selenium.remote.ErrorCodec.decode(ErrorCodec.java:167)
	at org.openqa.selenium.remote.codec.w3c.W3CHttpResponseCodec.decode(W3CHttpResponseCodec.java:138)
	at org.openqa.selenium.remote.codec.w3c.W3CHttpResponseCodec.decode(W3CHttpResponseCodec.java:50)
	at org.openqa.selenium.remote.HttpCommandExecutor.execute(HttpCommandExecutor.java:215)
	at org.openqa.selenium.remote.service.DriverCommandExecutor.invokeExecute(DriverCommandExecutor.java:216)
	at org.openqa.selenium.remote.service.DriverCommandExecutor.execute(DriverCommandExecutor.java:174)
	at org.openqa.selenium.remote.RemoteWebDriver.execute(RemoteWebDriver.java:545)
	at org.openqa.selenium.remote.ElementLocation$ElementFinder$2.findElement(ElementLocation.java:165)
	at org.openqa.selenium.remote.ElementLocation.findElement(ElementLocation.java:59)
	at org.openqa.selenium.remote.RemoteWebDriver.findElement(RemoteWebDriver.java:368)
	at org.openqa.selenium.remote.RemoteWebDriver.findElement(RemoteWebDriver.java:362)
	at org.openqa.selenium.support.pagefactory.DefaultElementLocator.findElement(DefaultElementLocator.java:68)
	at org.openqa.selenium.support.pagefactory.internal.LocatingElementHandler.invoke(LocatingElementHandler.java:38)
	at jdk.proxy2/jdk.proxy2.$Proxy22.isDisplayed(Unknown Source)
	at amazonPages.ProductSelectionPage.resultDisplay(ProductSelectionPage.java:72)
	at amazonStepdefs.ProductSelectionStepdefs.search_results_should_display(ProductSelectionStepdefs.java:31)
	at ✽.search results should display(file:///Users/lt535j/eclipse-workspace/Amazon/src/test/resources/amazonFeatures/productSelectionandDetails.feature:6)
]]></failure>
    <system-out><![CDATA[
Scenario: select a product from search results             # src/test/resources/amazonFeatures/productSelectionandDetails.feature:3
  Given User is on product page                            # amazonStepdefs.ProductSelectionStepdefs.user_is_on_product_page()
  When user enters product in search box                   # amazonStepdefs.ProductSelectionStepdefs.user_enters_product_in_search_box()
  Then search results should display                       # amazonStepdefs.ProductSelectionStepdefs.search_results_should_display()
      org.openqa.selenium.NoSuchElementException: no such element: Unable to locate element: {"method":"xpath","selector":"//h2[text()='Results']"}
  (Session info: chrome=137.0.7151.120)
For documentation on this error, please visit: https://www.selenium.dev/documentation/webdriver/troubleshooting/errors#no-such-element-exception
Build info: version: '4.32.0', revision: 'd17c8aa950'
System info: os.name: 'Mac OS X', os.arch: 'aarch64', os.version: '15.5', java.version: '24.0.1'
Driver info: org.openqa.selenium.chrome.ChromeDriver
Command: [0ad7a0ea4fb2ee8be1de8f27dc6c91bf, findElement {using=xpath, value=//h2[text()='Results']}]
Capabilities {acceptInsecureCerts: false, browserName: chrome, browserVersion: 137.0.7151.120, chrome: {chromedriverVersion: 137.0.7151.119 (e0ac9d12dff..., userDataDir: /var/folders/w2/s02xvqn17mn...}, fedcm:accounts: true, goog:chromeOptions: {debuggerAddress: localhost:63988}, networkConnectionEnabled: false, pageLoadStrategy: normal, platformName: mac, proxy: Proxy(), se:cdp: ws://localhost:63988/devtoo..., se:cdpVersion: 137.0.7151.120, setWindowRect: true, strictFileInteractability: false, timeouts: {implicit: 0, pageLoad: 300000, script: 30000}, unhandledPromptBehavior: dismiss and notify, webauthn:extension:credBlob: true, webauthn:extension:largeBlob: true, webauthn:extension:minPinLength: true, webauthn:extension:prf: true, webauthn:virtualAuthenticators: true}
Session ID: 0ad7a0ea4fb2ee8be1de8f27dc6c91bf
	at java.base/jdk.internal.reflect.DirectConstructorHandleAccessor.newInstance(DirectConstructorHandleAccessor.java:62)
	at java.base/java.lang.reflect.Constructor.newInstanceWithCaller(Constructor.java:499)
	at java.base/java.lang.reflect.Constructor.newInstance(Constructor.java:483)
	at org.openqa.selenium.remote.ErrorCodec.decode(ErrorCodec.java:167)
	at org.openqa.selenium.remote.codec.w3c.W3CHttpResponseCodec.decode(W3CHttpResponseCodec.java:138)
	at org.openqa.selenium.remote.codec.w3c.W3CHttpResponseCodec.decode(W3CHttpResponseCodec.java:50)
	at org.openqa.selenium.remote.HttpCommandExecutor.execute(HttpCommandExecutor.java:215)
	at org.openqa.selenium.remote.service.DriverCommandExecutor.invokeExecute(DriverCommandExecutor.java:216)
	at org.openqa.selenium.remote.service.DriverCommandExecutor.execute(DriverCommandExecutor.java:174)
	at org.openqa.selenium.remote.RemoteWebDriver.execute(RemoteWebDriver.java:545)
	at org.openqa.selenium.remote.ElementLocation$ElementFinder$2.findElement(ElementLocation.java:165)
	at org.openqa.selenium.remote.ElementLocation.findElement(ElementLocation.java:59)
	at org.openqa.selenium.remote.RemoteWebDriver.findElement(RemoteWebDriver.java:368)
	at org.openqa.selenium.remote.RemoteWebDriver.findElement(RemoteWebDriver.java:362)
	at org.openqa.selenium.support.pagefactory.DefaultElementLocator.findElement(DefaultElementLocator.java:68)
	at org.openqa.selenium.support.pagefactory.internal.LocatingElementHandler.invoke(LocatingElementHandler.java:38)
	at jdk.proxy2/jdk.proxy2.$Proxy22.isDisplayed(Unknown Source)
	at amazonPages.ProductSelectionPage.resultDisplay(ProductSelectionPage.java:72)
	at amazonStepdefs.ProductSelectionStepdefs.search_results_should_display(ProductSelectionStepdefs.java:31)
	at ✽.search results should display(file:///Users/lt535j/eclipse-workspace/Amazon/src/test/resources/amazonFeatures/productSelectionandDetails.feature:6)

  And should be able to select product from search results # amazonStepdefs.ProductSelectionStepdefs.should_be_able_to_select_product_from_search_results()
]]></system-out>
    <system-err><![CDATA[Jul 01, 2025 4:37:35 PM org.openqa.selenium.devtools.CdpVersionFinder findNearestMatch
WARNING: Unable to find an exact match for CDP version 137, returning the closest version; found: 136; Please update to a Selenium version that supports CDP version 137
]]></system-err>
  </testcase>
  <testcase name="runScenario[&quot;Verify product title, price , description on product page&quot;, &quot;Product selection &amp; details&quot;](19)" classname="amazonRunners.TestRunner" time="15.928">
    <failure message="no such element: Unable to locate element: {&quot;method&quot;:&quot;xpath&quot;,&quot;selector&quot;:&quot;//div[@data-cy=&apos;title-recipe&apos;]/a/h2/span&quot;}&#10;  (Session info: chrome=137.0.7151.120)&#10;For documentation on this error, please visit: https://www.selenium.dev/documentation/webdriver/troubleshooting/errors#no-such-element-exception&#10;Build info: version: &apos;4.32.0&apos;, revision: &apos;d17c8aa950&apos;&#10;System info: os.name: &apos;Mac OS X&apos;, os.arch: &apos;aarch64&apos;, os.version: &apos;15.5&apos;, java.version: &apos;24.0.1&apos;&#10;Driver info: org.openqa.selenium.chrome.ChromeDriver&#10;Command: [e28e5a415b0a291feb3719e5d12c5c3b, findElement {using=xpath, value=//div[@data-cy=&apos;title-recipe&apos;]/a/h2/span}]&#10;Capabilities {acceptInsecureCerts: false, browserName: chrome, browserVersion: 137.0.7151.120, chrome: {chromedriverVersion: 137.0.7151.119 (e0ac9d12dff..., userDataDir: /var/folders/w2/s02xvqn17mn...}, fedcm:accounts: true, goog:chromeOptions: {debuggerAddress: localhost:64132}, networkConnectionEnabled: false, pageLoadStrategy: normal, platformName: mac, proxy: Proxy(), se:cdp: ws://localhost:64132/devtoo..., se:cdpVersion: 137.0.7151.120, setWindowRect: true, strictFileInteractability: false, timeouts: {implicit: 0, pageLoad: 300000, script: 30000}, unhandledPromptBehavior: dismiss and notify, webauthn:extension:credBlob: true, webauthn:extension:largeBlob: true, webauthn:extension:minPinLength: true, webauthn:extension:prf: true, webauthn:virtualAuthenticators: true}&#10;Session ID: e28e5a415b0a291feb3719e5d12c5c3b" type="org.openqa.selenium.NoSuchElementException"><![CDATA[org.openqa.selenium.NoSuchElementException: 
no such element: Unable to locate element: {"method":"xpath","selector":"//div[@data-cy='title-recipe']/a/h2/span"}
  (Session info: chrome=137.0.7151.120)
For documentation on this error, please visit: https://www.selenium.dev/documentation/webdriver/troubleshooting/errors#no-such-element-exception
Build info: version: '4.32.0', revision: 'd17c8aa950'
System info: os.name: 'Mac OS X', os.arch: 'aarch64', os.version: '15.5', java.version: '24.0.1'
Driver info: org.openqa.selenium.chrome.ChromeDriver
Command: [e28e5a415b0a291feb3719e5d12c5c3b, findElement {using=xpath, value=//div[@data-cy='title-recipe']/a/h2/span}]
Capabilities {acceptInsecureCerts: false, browserName: chrome, browserVersion: 137.0.7151.120, chrome: {chromedriverVersion: 137.0.7151.119 (e0ac9d12dff..., userDataDir: /var/folders/w2/s02xvqn17mn...}, fedcm:accounts: true, goog:chromeOptions: {debuggerAddress: localhost:64132}, networkConnectionEnabled: false, pageLoadStrategy: normal, platformName: mac, proxy: Proxy(), se:cdp: ws://localhost:64132/devtoo..., se:cdpVersion: 137.0.7151.120, setWindowRect: true, strictFileInteractability: false, timeouts: {implicit: 0, pageLoad: 300000, script: 30000}, unhandledPromptBehavior: dismiss and notify, webauthn:extension:credBlob: true, webauthn:extension:largeBlob: true, webauthn:extension:minPinLength: true, webauthn:extension:prf: true, webauthn:virtualAuthenticators: true}
Session ID: e28e5a415b0a291feb3719e5d12c5c3b
	at java.base/jdk.internal.reflect.DirectConstructorHandleAccessor.newInstance(DirectConstructorHandleAccessor.java:62)
	at java.base/java.lang.reflect.Constructor.newInstanceWithCaller(Constructor.java:499)
	at java.base/java.lang.reflect.Constructor.newInstance(Constructor.java:483)
	at org.openqa.selenium.remote.ErrorCodec.decode(ErrorCodec.java:167)
	at org.openqa.selenium.remote.codec.w3c.W3CHttpResponseCodec.decode(W3CHttpResponseCodec.java:138)
	at org.openqa.selenium.remote.codec.w3c.W3CHttpResponseCodec.decode(W3CHttpResponseCodec.java:50)
	at org.openqa.selenium.remote.HttpCommandExecutor.execute(HttpCommandExecutor.java:215)
	at org.openqa.selenium.remote.service.DriverCommandExecutor.invokeExecute(DriverCommandExecutor.java:216)
	at org.openqa.selenium.remote.service.DriverCommandExecutor.execute(DriverCommandExecutor.java:174)
	at org.openqa.selenium.remote.RemoteWebDriver.execute(RemoteWebDriver.java:545)
	at org.openqa.selenium.remote.ElementLocation$ElementFinder$2.findElement(ElementLocation.java:165)
	at org.openqa.selenium.remote.ElementLocation.findElement(ElementLocation.java:59)
	at org.openqa.selenium.remote.RemoteWebDriver.findElement(RemoteWebDriver.java:368)
	at org.openqa.selenium.remote.RemoteWebDriver.findElement(RemoteWebDriver.java:362)
	at org.openqa.selenium.support.pagefactory.DefaultElementLocator.findElement(DefaultElementLocator.java:68)
	at org.openqa.selenium.support.pagefactory.internal.LocatingElementHandler.invoke(LocatingElementHandler.java:38)
	at jdk.proxy2/jdk.proxy2.$Proxy22.click(Unknown Source)
	at amazonPages.ProductSelectionPage.selectProduct(ProductSelectionPage.java:76)
	at amazonStepdefs.ProductSelectionStepdefs.user_clicks_on_product(ProductSelectionStepdefs.java:41)
	at ✽.user clicks on product(file:///Users/lt535j/eclipse-workspace/Amazon/src/test/resources/amazonFeatures/productSelectionandDetails.feature:11)
]]></failure>
    <system-out><![CDATA[
Scenario: Verify product title, price , description on product page # src/test/resources/amazonFeatures/productSelectionandDetails.feature:9
  Given User is on product page                                     # amazonStepdefs.ProductSelectionStepdefs.user_is_on_product_page()
  When user clicks on product                                       # amazonStepdefs.ProductSelectionStepdefs.user_clicks_on_product()
      org.openqa.selenium.NoSuchElementException: no such element: Unable to locate element: {"method":"xpath","selector":"//div[@data-cy='title-recipe']/a/h2/span"}
  (Session info: chrome=137.0.7151.120)
For documentation on this error, please visit: https://www.selenium.dev/documentation/webdriver/troubleshooting/errors#no-such-element-exception
Build info: version: '4.32.0', revision: 'd17c8aa950'
System info: os.name: 'Mac OS X', os.arch: 'aarch64', os.version: '15.5', java.version: '24.0.1'
Driver info: org.openqa.selenium.chrome.ChromeDriver
Command: [e28e5a415b0a291feb3719e5d12c5c3b, findElement {using=xpath, value=//div[@data-cy='title-recipe']/a/h2/span}]
Capabilities {acceptInsecureCerts: false, browserName: chrome, browserVersion: 137.0.7151.120, chrome: {chromedriverVersion: 137.0.7151.119 (e0ac9d12dff..., userDataDir: /var/folders/w2/s02xvqn17mn...}, fedcm:accounts: true, goog:chromeOptions: {debuggerAddress: localhost:64132}, networkConnectionEnabled: false, pageLoadStrategy: normal, platformName: mac, proxy: Proxy(), se:cdp: ws://localhost:64132/devtoo..., se:cdpVersion: 137.0.7151.120, setWindowRect: true, strictFileInteractability: false, timeouts: {implicit: 0, pageLoad: 300000, script: 30000}, unhandledPromptBehavior: dismiss and notify, webauthn:extension:credBlob: true, webauthn:extension:largeBlob: true, webauthn:extension:minPinLength: true, webauthn:extension:prf: true, webauthn:virtualAuthenticators: true}
Session ID: e28e5a415b0a291feb3719e5d12c5c3b
	at java.base/jdk.internal.reflect.DirectConstructorHandleAccessor.newInstance(DirectConstructorHandleAccessor.java:62)
	at java.base/java.lang.reflect.Constructor.newInstanceWithCaller(Constructor.java:499)
	at java.base/java.lang.reflect.Constructor.newInstance(Constructor.java:483)
	at org.openqa.selenium.remote.ErrorCodec.decode(ErrorCodec.java:167)
	at org.openqa.selenium.remote.codec.w3c.W3CHttpResponseCodec.decode(W3CHttpResponseCodec.java:138)
	at org.openqa.selenium.remote.codec.w3c.W3CHttpResponseCodec.decode(W3CHttpResponseCodec.java:50)
	at org.openqa.selenium.remote.HttpCommandExecutor.execute(HttpCommandExecutor.java:215)
	at org.openqa.selenium.remote.service.DriverCommandExecutor.invokeExecute(DriverCommandExecutor.java:216)
	at org.openqa.selenium.remote.service.DriverCommandExecutor.execute(DriverCommandExecutor.java:174)
	at org.openqa.selenium.remote.RemoteWebDriver.execute(RemoteWebDriver.java:545)
	at org.openqa.selenium.remote.ElementLocation$ElementFinder$2.findElement(ElementLocation.java:165)
	at org.openqa.selenium.remote.ElementLocation.findElement(ElementLocation.java:59)
	at org.openqa.selenium.remote.RemoteWebDriver.findElement(RemoteWebDriver.java:368)
	at org.openqa.selenium.remote.RemoteWebDriver.findElement(RemoteWebDriver.java:362)
	at org.openqa.selenium.support.pagefactory.DefaultElementLocator.findElement(DefaultElementLocator.java:68)
	at org.openqa.selenium.support.pagefactory.internal.LocatingElementHandler.invoke(LocatingElementHandler.java:38)
	at jdk.proxy2/jdk.proxy2.$Proxy22.click(Unknown Source)
	at amazonPages.ProductSelectionPage.selectProduct(ProductSelectionPage.java:76)
	at amazonStepdefs.ProductSelectionStepdefs.user_clicks_on_product(ProductSelectionStepdefs.java:41)
	at ✽.user clicks on product(file:///Users/lt535j/eclipse-workspace/Amazon/src/test/resources/amazonFeatures/productSelectionandDetails.feature:11)

  Then product details page should display                          # amazonStepdefs.ProductSelectionStepdefs.product_details_page_should_display()
  And should contain title, price, description                      # amazonStepdefs.ProductSelectionStepdefs.should_contain_title_price_description()
]]></system-out>
    <system-err><![CDATA[Jul 01, 2025 4:37:54 PM org.openqa.selenium.devtools.CdpVersionFinder findNearestMatch
WARNING: Unable to find an exact match for CDP version 137, returning the closest version; found: 136; Please update to a Selenium version that supports CDP version 137
]]></system-err>
  </testcase>
  <testcase name="runScenario[&quot;Verify Availability of add to cart button&quot;, &quot;Product selection &amp; details&quot;](20)" classname="amazonRunners.TestRunner" time="17.166">
    <failure message="no such element: Unable to locate element: {&quot;method&quot;:&quot;xpath&quot;,&quot;selector&quot;:&quot;//div[@data-cy=&apos;title-recipe&apos;]/a/h2/span&quot;}&#10;  (Session info: chrome=137.0.7151.120)&#10;For documentation on this error, please visit: https://www.selenium.dev/documentation/webdriver/troubleshooting/errors#no-such-element-exception&#10;Build info: version: &apos;4.32.0&apos;, revision: &apos;d17c8aa950&apos;&#10;System info: os.name: &apos;Mac OS X&apos;, os.arch: &apos;aarch64&apos;, os.version: &apos;15.5&apos;, java.version: &apos;24.0.1&apos;&#10;Driver info: org.openqa.selenium.chrome.ChromeDriver&#10;Command: [bb4732de36f1caaca25f3f5b9d776b1f, findElement {using=xpath, value=//div[@data-cy=&apos;title-recipe&apos;]/a/h2/span}]&#10;Capabilities {acceptInsecureCerts: false, browserName: chrome, browserVersion: 137.0.7151.120, chrome: {chromedriverVersion: 137.0.7151.119 (e0ac9d12dff..., userDataDir: /var/folders/w2/s02xvqn17mn...}, fedcm:accounts: true, goog:chromeOptions: {debuggerAddress: localhost:64275}, networkConnectionEnabled: false, pageLoadStrategy: normal, platformName: mac, proxy: Proxy(), se:cdp: ws://localhost:64275/devtoo..., se:cdpVersion: 137.0.7151.120, setWindowRect: true, strictFileInteractability: false, timeouts: {implicit: 0, pageLoad: 300000, script: 30000}, unhandledPromptBehavior: dismiss and notify, webauthn:extension:credBlob: true, webauthn:extension:largeBlob: true, webauthn:extension:minPinLength: true, webauthn:extension:prf: true, webauthn:virtualAuthenticators: true}&#10;Session ID: bb4732de36f1caaca25f3f5b9d776b1f" type="org.openqa.selenium.NoSuchElementException"><![CDATA[org.openqa.selenium.NoSuchElementException: 
no such element: Unable to locate element: {"method":"xpath","selector":"//div[@data-cy='title-recipe']/a/h2/span"}
  (Session info: chrome=137.0.7151.120)
For documentation on this error, please visit: https://www.selenium.dev/documentation/webdriver/troubleshooting/errors#no-such-element-exception
Build info: version: '4.32.0', revision: 'd17c8aa950'
System info: os.name: 'Mac OS X', os.arch: 'aarch64', os.version: '15.5', java.version: '24.0.1'
Driver info: org.openqa.selenium.chrome.ChromeDriver
Command: [bb4732de36f1caaca25f3f5b9d776b1f, findElement {using=xpath, value=//div[@data-cy='title-recipe']/a/h2/span}]
Capabilities {acceptInsecureCerts: false, browserName: chrome, browserVersion: 137.0.7151.120, chrome: {chromedriverVersion: 137.0.7151.119 (e0ac9d12dff..., userDataDir: /var/folders/w2/s02xvqn17mn...}, fedcm:accounts: true, goog:chromeOptions: {debuggerAddress: localhost:64275}, networkConnectionEnabled: false, pageLoadStrategy: normal, platformName: mac, proxy: Proxy(), se:cdp: ws://localhost:64275/devtoo..., se:cdpVersion: 137.0.7151.120, setWindowRect: true, strictFileInteractability: false, timeouts: {implicit: 0, pageLoad: 300000, script: 30000}, unhandledPromptBehavior: dismiss and notify, webauthn:extension:credBlob: true, webauthn:extension:largeBlob: true, webauthn:extension:minPinLength: true, webauthn:extension:prf: true, webauthn:virtualAuthenticators: true}
Session ID: bb4732de36f1caaca25f3f5b9d776b1f
	at java.base/jdk.internal.reflect.DirectConstructorHandleAccessor.newInstance(DirectConstructorHandleAccessor.java:62)
	at java.base/java.lang.reflect.Constructor.newInstanceWithCaller(Constructor.java:499)
	at java.base/java.lang.reflect.Constructor.newInstance(Constructor.java:483)
	at org.openqa.selenium.remote.ErrorCodec.decode(ErrorCodec.java:167)
	at org.openqa.selenium.remote.codec.w3c.W3CHttpResponseCodec.decode(W3CHttpResponseCodec.java:138)
	at org.openqa.selenium.remote.codec.w3c.W3CHttpResponseCodec.decode(W3CHttpResponseCodec.java:50)
	at org.openqa.selenium.remote.HttpCommandExecutor.execute(HttpCommandExecutor.java:215)
	at org.openqa.selenium.remote.service.DriverCommandExecutor.invokeExecute(DriverCommandExecutor.java:216)
	at org.openqa.selenium.remote.service.DriverCommandExecutor.execute(DriverCommandExecutor.java:174)
	at org.openqa.selenium.remote.RemoteWebDriver.execute(RemoteWebDriver.java:545)
	at org.openqa.selenium.remote.ElementLocation$ElementFinder$2.findElement(ElementLocation.java:165)
	at org.openqa.selenium.remote.ElementLocation.findElement(ElementLocation.java:59)
	at org.openqa.selenium.remote.RemoteWebDriver.findElement(RemoteWebDriver.java:368)
	at org.openqa.selenium.remote.RemoteWebDriver.findElement(RemoteWebDriver.java:362)
	at org.openqa.selenium.support.pagefactory.DefaultElementLocator.findElement(DefaultElementLocator.java:68)
	at org.openqa.selenium.support.pagefactory.internal.LocatingElementHandler.invoke(LocatingElementHandler.java:38)
	at jdk.proxy2/jdk.proxy2.$Proxy22.click(Unknown Source)
	at amazonPages.ProductSelectionPage.selectProduct(ProductSelectionPage.java:76)
	at amazonStepdefs.ProductSelectionStepdefs.user_clicks_on_product(ProductSelectionStepdefs.java:41)
	at ✽.user clicks on product(file:///Users/lt535j/eclipse-workspace/Amazon/src/test/resources/amazonFeatures/productSelectionandDetails.feature:17)
]]></failure>
    <system-out><![CDATA[
Scenario: Verify Availability of add to cart button # src/test/resources/amazonFeatures/productSelectionandDetails.feature:15
  Given User is on product page                     # amazonStepdefs.ProductSelectionStepdefs.user_is_on_product_page()
  When user clicks on product                       # amazonStepdefs.ProductSelectionStepdefs.user_clicks_on_product()
      org.openqa.selenium.NoSuchElementException: no such element: Unable to locate element: {"method":"xpath","selector":"//div[@data-cy='title-recipe']/a/h2/span"}
  (Session info: chrome=137.0.7151.120)
For documentation on this error, please visit: https://www.selenium.dev/documentation/webdriver/troubleshooting/errors#no-such-element-exception
Build info: version: '4.32.0', revision: 'd17c8aa950'
System info: os.name: 'Mac OS X', os.arch: 'aarch64', os.version: '15.5', java.version: '24.0.1'
Driver info: org.openqa.selenium.chrome.ChromeDriver
Command: [bb4732de36f1caaca25f3f5b9d776b1f, findElement {using=xpath, value=//div[@data-cy='title-recipe']/a/h2/span}]
Capabilities {acceptInsecureCerts: false, browserName: chrome, browserVersion: 137.0.7151.120, chrome: {chromedriverVersion: 137.0.7151.119 (e0ac9d12dff..., userDataDir: /var/folders/w2/s02xvqn17mn...}, fedcm:accounts: true, goog:chromeOptions: {debuggerAddress: localhost:64275}, networkConnectionEnabled: false, pageLoadStrategy: normal, platformName: mac, proxy: Proxy(), se:cdp: ws://localhost:64275/devtoo..., se:cdpVersion: 137.0.7151.120, setWindowRect: true, strictFileInteractability: false, timeouts: {implicit: 0, pageLoad: 300000, script: 30000}, unhandledPromptBehavior: dismiss and notify, webauthn:extension:credBlob: true, webauthn:extension:largeBlob: true, webauthn:extension:minPinLength: true, webauthn:extension:prf: true, webauthn:virtualAuthenticators: true}
Session ID: bb4732de36f1caaca25f3f5b9d776b1f
	at java.base/jdk.internal.reflect.DirectConstructorHandleAccessor.newInstance(DirectConstructorHandleAccessor.java:62)
	at java.base/java.lang.reflect.Constructor.newInstanceWithCaller(Constructor.java:499)
	at java.base/java.lang.reflect.Constructor.newInstance(Constructor.java:483)
	at org.openqa.selenium.remote.ErrorCodec.decode(ErrorCodec.java:167)
	at org.openqa.selenium.remote.codec.w3c.W3CHttpResponseCodec.decode(W3CHttpResponseCodec.java:138)
	at org.openqa.selenium.remote.codec.w3c.W3CHttpResponseCodec.decode(W3CHttpResponseCodec.java:50)
	at org.openqa.selenium.remote.HttpCommandExecutor.execute(HttpCommandExecutor.java:215)
	at org.openqa.selenium.remote.service.DriverCommandExecutor.invokeExecute(DriverCommandExecutor.java:216)
	at org.openqa.selenium.remote.service.DriverCommandExecutor.execute(DriverCommandExecutor.java:174)
	at org.openqa.selenium.remote.RemoteWebDriver.execute(RemoteWebDriver.java:545)
	at org.openqa.selenium.remote.ElementLocation$ElementFinder$2.findElement(ElementLocation.java:165)
	at org.openqa.selenium.remote.ElementLocation.findElement(ElementLocation.java:59)
	at org.openqa.selenium.remote.RemoteWebDriver.findElement(RemoteWebDriver.java:368)
	at org.openqa.selenium.remote.RemoteWebDriver.findElement(RemoteWebDriver.java:362)
	at org.openqa.selenium.support.pagefactory.DefaultElementLocator.findElement(DefaultElementLocator.java:68)
	at org.openqa.selenium.support.pagefactory.internal.LocatingElementHandler.invoke(LocatingElementHandler.java:38)
	at jdk.proxy2/jdk.proxy2.$Proxy22.click(Unknown Source)
	at amazonPages.ProductSelectionPage.selectProduct(ProductSelectionPage.java:76)
	at amazonStepdefs.ProductSelectionStepdefs.user_clicks_on_product(ProductSelectionStepdefs.java:41)
	at ✽.user clicks on product(file:///Users/lt535j/eclipse-workspace/Amazon/src/test/resources/amazonFeatures/productSelectionandDetails.feature:17)

  Then product details page should display          # amazonStepdefs.ProductSelectionStepdefs.product_details_page_should_display()
  And it should cotain add to cart button           # amazonStepdefs.ProductSelectionStepdefs.it_should_cotain_add_to_cart_button()
]]></system-out>
    <system-err><![CDATA[Jul 01, 2025 4:38:10 PM org.openqa.selenium.devtools.CdpVersionFinder findNearestMatch
WARNING: Unable to find an exact match for CDP version 137, returning the closest version; found: 136; Please update to a Selenium version that supports CDP version 137
]]></system-err>
  </testcase>
  <testcase name="runScenario[&quot;Verify product images carousel&quot;, &quot;Product selection &amp; details&quot;](21)" classname="amazonRunners.TestRunner" time="15.61">
    <failure message="no such element: Unable to locate element: {&quot;method&quot;:&quot;xpath&quot;,&quot;selector&quot;:&quot;//div[@data-cy=&apos;title-recipe&apos;]/a/h2/span&quot;}&#10;  (Session info: chrome=137.0.7151.120)&#10;For documentation on this error, please visit: https://www.selenium.dev/documentation/webdriver/troubleshooting/errors#no-such-element-exception&#10;Build info: version: &apos;4.32.0&apos;, revision: &apos;d17c8aa950&apos;&#10;System info: os.name: &apos;Mac OS X&apos;, os.arch: &apos;aarch64&apos;, os.version: &apos;15.5&apos;, java.version: &apos;24.0.1&apos;&#10;Driver info: org.openqa.selenium.chrome.ChromeDriver&#10;Command: [62fb76568e63537deb914e54cef60acf, findElement {using=xpath, value=//div[@data-cy=&apos;title-recipe&apos;]/a/h2/span}]&#10;Capabilities {acceptInsecureCerts: false, browserName: chrome, browserVersion: 137.0.7151.120, chrome: {chromedriverVersion: 137.0.7151.119 (e0ac9d12dff..., userDataDir: /var/folders/w2/s02xvqn17mn...}, fedcm:accounts: true, goog:chromeOptions: {debuggerAddress: localhost:64406}, networkConnectionEnabled: false, pageLoadStrategy: normal, platformName: mac, proxy: Proxy(), se:cdp: ws://localhost:64406/devtoo..., se:cdpVersion: 137.0.7151.120, setWindowRect: true, strictFileInteractability: false, timeouts: {implicit: 0, pageLoad: 300000, script: 30000}, unhandledPromptBehavior: dismiss and notify, webauthn:extension:credBlob: true, webauthn:extension:largeBlob: true, webauthn:extension:minPinLength: true, webauthn:extension:prf: true, webauthn:virtualAuthenticators: true}&#10;Session ID: 62fb76568e63537deb914e54cef60acf" type="org.openqa.selenium.NoSuchElementException"><![CDATA[org.openqa.selenium.NoSuchElementException: 
no such element: Unable to locate element: {"method":"xpath","selector":"//div[@data-cy='title-recipe']/a/h2/span"}
  (Session info: chrome=137.0.7151.120)
For documentation on this error, please visit: https://www.selenium.dev/documentation/webdriver/troubleshooting/errors#no-such-element-exception
Build info: version: '4.32.0', revision: 'd17c8aa950'
System info: os.name: 'Mac OS X', os.arch: 'aarch64', os.version: '15.5', java.version: '24.0.1'
Driver info: org.openqa.selenium.chrome.ChromeDriver
Command: [62fb76568e63537deb914e54cef60acf, findElement {using=xpath, value=//div[@data-cy='title-recipe']/a/h2/span}]
Capabilities {acceptInsecureCerts: false, browserName: chrome, browserVersion: 137.0.7151.120, chrome: {chromedriverVersion: 137.0.7151.119 (e0ac9d12dff..., userDataDir: /var/folders/w2/s02xvqn17mn...}, fedcm:accounts: true, goog:chromeOptions: {debuggerAddress: localhost:64406}, networkConnectionEnabled: false, pageLoadStrategy: normal, platformName: mac, proxy: Proxy(), se:cdp: ws://localhost:64406/devtoo..., se:cdpVersion: 137.0.7151.120, setWindowRect: true, strictFileInteractability: false, timeouts: {implicit: 0, pageLoad: 300000, script: 30000}, unhandledPromptBehavior: dismiss and notify, webauthn:extension:credBlob: true, webauthn:extension:largeBlob: true, webauthn:extension:minPinLength: true, webauthn:extension:prf: true, webauthn:virtualAuthenticators: true}
Session ID: 62fb76568e63537deb914e54cef60acf
	at java.base/jdk.internal.reflect.DirectConstructorHandleAccessor.newInstance(DirectConstructorHandleAccessor.java:62)
	at java.base/java.lang.reflect.Constructor.newInstanceWithCaller(Constructor.java:499)
	at java.base/java.lang.reflect.Constructor.newInstance(Constructor.java:483)
	at org.openqa.selenium.remote.ErrorCodec.decode(ErrorCodec.java:167)
	at org.openqa.selenium.remote.codec.w3c.W3CHttpResponseCodec.decode(W3CHttpResponseCodec.java:138)
	at org.openqa.selenium.remote.codec.w3c.W3CHttpResponseCodec.decode(W3CHttpResponseCodec.java:50)
	at org.openqa.selenium.remote.HttpCommandExecutor.execute(HttpCommandExecutor.java:215)
	at org.openqa.selenium.remote.service.DriverCommandExecutor.invokeExecute(DriverCommandExecutor.java:216)
	at org.openqa.selenium.remote.service.DriverCommandExecutor.execute(DriverCommandExecutor.java:174)
	at org.openqa.selenium.remote.RemoteWebDriver.execute(RemoteWebDriver.java:545)
	at org.openqa.selenium.remote.ElementLocation$ElementFinder$2.findElement(ElementLocation.java:165)
	at org.openqa.selenium.remote.ElementLocation.findElement(ElementLocation.java:59)
	at org.openqa.selenium.remote.RemoteWebDriver.findElement(RemoteWebDriver.java:368)
	at org.openqa.selenium.remote.RemoteWebDriver.findElement(RemoteWebDriver.java:362)
	at org.openqa.selenium.support.pagefactory.DefaultElementLocator.findElement(DefaultElementLocator.java:68)
	at org.openqa.selenium.support.pagefactory.internal.LocatingElementHandler.invoke(LocatingElementHandler.java:38)
	at jdk.proxy2/jdk.proxy2.$Proxy22.click(Unknown Source)
	at amazonPages.ProductSelectionPage.selectProduct(ProductSelectionPage.java:76)
	at amazonStepdefs.ProductSelectionStepdefs.user_clicks_on_product(ProductSelectionStepdefs.java:41)
	at ✽.user clicks on product(file:///Users/lt535j/eclipse-workspace/Amazon/src/test/resources/amazonFeatures/productSelectionandDetails.feature:23)
]]></failure>
    <system-out><![CDATA[
Scenario: Verify product images carousel   # src/test/resources/amazonFeatures/productSelectionandDetails.feature:21
  Given User is on product page            # amazonStepdefs.ProductSelectionStepdefs.user_is_on_product_page()
  When user clicks on product              # amazonStepdefs.ProductSelectionStepdefs.user_clicks_on_product()
      org.openqa.selenium.NoSuchElementException: no such element: Unable to locate element: {"method":"xpath","selector":"//div[@data-cy='title-recipe']/a/h2/span"}
  (Session info: chrome=137.0.7151.120)
For documentation on this error, please visit: https://www.selenium.dev/documentation/webdriver/troubleshooting/errors#no-such-element-exception
Build info: version: '4.32.0', revision: 'd17c8aa950'
System info: os.name: 'Mac OS X', os.arch: 'aarch64', os.version: '15.5', java.version: '24.0.1'
Driver info: org.openqa.selenium.chrome.ChromeDriver
Command: [62fb76568e63537deb914e54cef60acf, findElement {using=xpath, value=//div[@data-cy='title-recipe']/a/h2/span}]
Capabilities {acceptInsecureCerts: false, browserName: chrome, browserVersion: 137.0.7151.120, chrome: {chromedriverVersion: 137.0.7151.119 (e0ac9d12dff..., userDataDir: /var/folders/w2/s02xvqn17mn...}, fedcm:accounts: true, goog:chromeOptions: {debuggerAddress: localhost:64406}, networkConnectionEnabled: false, pageLoadStrategy: normal, platformName: mac, proxy: Proxy(), se:cdp: ws://localhost:64406/devtoo..., se:cdpVersion: 137.0.7151.120, setWindowRect: true, strictFileInteractability: false, timeouts: {implicit: 0, pageLoad: 300000, script: 30000}, unhandledPromptBehavior: dismiss and notify, webauthn:extension:credBlob: true, webauthn:extension:largeBlob: true, webauthn:extension:minPinLength: true, webauthn:extension:prf: true, webauthn:virtualAuthenticators: true}
Session ID: 62fb76568e63537deb914e54cef60acf
	at java.base/jdk.internal.reflect.DirectConstructorHandleAccessor.newInstance(DirectConstructorHandleAccessor.java:62)
	at java.base/java.lang.reflect.Constructor.newInstanceWithCaller(Constructor.java:499)
	at java.base/java.lang.reflect.Constructor.newInstance(Constructor.java:483)
	at org.openqa.selenium.remote.ErrorCodec.decode(ErrorCodec.java:167)
	at org.openqa.selenium.remote.codec.w3c.W3CHttpResponseCodec.decode(W3CHttpResponseCodec.java:138)
	at org.openqa.selenium.remote.codec.w3c.W3CHttpResponseCodec.decode(W3CHttpResponseCodec.java:50)
	at org.openqa.selenium.remote.HttpCommandExecutor.execute(HttpCommandExecutor.java:215)
	at org.openqa.selenium.remote.service.DriverCommandExecutor.invokeExecute(DriverCommandExecutor.java:216)
	at org.openqa.selenium.remote.service.DriverCommandExecutor.execute(DriverCommandExecutor.java:174)
	at org.openqa.selenium.remote.RemoteWebDriver.execute(RemoteWebDriver.java:545)
	at org.openqa.selenium.remote.ElementLocation$ElementFinder$2.findElement(ElementLocation.java:165)
	at org.openqa.selenium.remote.ElementLocation.findElement(ElementLocation.java:59)
	at org.openqa.selenium.remote.RemoteWebDriver.findElement(RemoteWebDriver.java:368)
	at org.openqa.selenium.remote.RemoteWebDriver.findElement(RemoteWebDriver.java:362)
	at org.openqa.selenium.support.pagefactory.DefaultElementLocator.findElement(DefaultElementLocator.java:68)
	at org.openqa.selenium.support.pagefactory.internal.LocatingElementHandler.invoke(LocatingElementHandler.java:38)
	at jdk.proxy2/jdk.proxy2.$Proxy22.click(Unknown Source)
	at amazonPages.ProductSelectionPage.selectProduct(ProductSelectionPage.java:76)
	at amazonStepdefs.ProductSelectionStepdefs.user_clicks_on_product(ProductSelectionStepdefs.java:41)
	at ✽.user clicks on product(file:///Users/lt535j/eclipse-workspace/Amazon/src/test/resources/amazonFeatures/productSelectionandDetails.feature:23)

  Then product details page should display # amazonStepdefs.ProductSelectionStepdefs.product_details_page_should_display()
  And images should display as carousel    # amazonStepdefs.ProductSelectionStepdefs.images_should_display_as_carousel()
]]></system-out>
    <system-err><![CDATA[Jul 01, 2025 4:38:27 PM org.openqa.selenium.devtools.CdpVersionFinder findNearestMatch
WARNING: Unable to find an exact match for CDP version 137, returning the closest version; found: 136; Please update to a Selenium version that supports CDP version 137
]]></system-err>
  </testcase>
  <testcase name="runScenario[&quot;verify delivery options&quot;, &quot;Product selection &amp; details&quot;](22)" classname="amazonRunners.TestRunner" time="17.672">
    <failure message="Cannot invoke &quot;amazonPages.ProductSelectionPage.validpincodevalidation()&quot; because &quot;this.productselectpge&quot; is null" type="java.lang.NullPointerException"><![CDATA[java.lang.NullPointerException: Cannot invoke "amazonPages.ProductSelectionPage.validpincodevalidation()" because "this.productselectpge" is null
	at amazonStepdefs.ProductSelectionStepdefs.user_enters_valid_pincode(ProductSelectionStepdefs.java:71)
	at ✽.user enters valid pincode(file:///Users/lt535j/eclipse-workspace/Amazon/src/test/resources/amazonFeatures/productSelectionandDetails.feature:29)
]]></failure>
    <system-out><![CDATA[
Scenario: verify delivery options       # src/test/resources/amazonFeatures/productSelectionandDetails.feature:27
  Given User is on product details page # amazonStepdefs.ProductSelectionStepdefs.user_is_on_product_details_page()
  When user enters valid pincode        # amazonStepdefs.ProductSelectionStepdefs.user_enters_valid_pincode()
      java.lang.NullPointerException: Cannot invoke "amazonPages.ProductSelectionPage.validpincodevalidation()" because "this.productselectpge" is null
	at amazonStepdefs.ProductSelectionStepdefs.user_enters_valid_pincode(ProductSelectionStepdefs.java:71)
	at ✽.user enters valid pincode(file:///Users/lt535j/eclipse-workspace/Amazon/src/test/resources/amazonFeatures/productSelectionandDetails.feature:29)

  And clicks on verify                  # amazonStepdefs.ProductSelectionStepdefs.clicks_on_verify()
  Then success message should display   # amazonStepdefs.ProductSelectionStepdefs.success_message_should_display()
  When user enters invalid pincode      # amazonStepdefs.ProductSelectionStepdefs.user_enters_invalid_pincode()
  And clicks on verify                  # amazonStepdefs.ProductSelectionStepdefs.clicks_on_verify()
  Then error message should display     # amazonStepdefs.ProductSelectionStepdefs.error_message_should_display()
]]></system-out>
    <system-err><![CDATA[Jul 01, 2025 4:38:43 PM org.openqa.selenium.devtools.CdpVersionFinder findNearestMatch
WARNING: Unable to find an exact match for CDP version 137, returning the closest version; found: 136; Please update to a Selenium version that supports CDP version 137
]]></system-err>
  </testcase>
</testsuite>