<?xml version="1.0" encoding="UTF-8"?>
<testng-results ignored="0" total="2" passed="2" failed="0" skipped="0">
  <reporter-output>
  </reporter-output>
  <suite started-at="2025-06-26T16:08:29 IST" name="Default suite" finished-at="2025-06-26T16:12:48 IST" duration-ms="258291">
    <groups>
      <group name="cucumber">
        <method signature="AbstractTestNGCucumberTests.runScenario(io.cucumber.testng.PickleWrapper,io.cucumber.testng.FeatureWrapper)[pri:0, instance:amazonRunners.TestRunner@158d2680]" name="runScenario" class="io.cucumber.testng.AbstractTestNGCucumberTests"/>
      </group> <!-- cucumber -->
    </groups>
    <test started-at="2025-06-26T16:08:29 IST" name="Default test" finished-at="2025-06-26T16:12:48 IST" duration-ms="258291">
      <class name="amazonRunners.TestRunner">
        <test-method is-config="true" signature="setUpClass(org.testng.ITestContext)[pri:0, instance:amazonRunners.TestRunner@158d2680]" started-at="2025-06-26T16:08:29 IST" name="setUpClass" finished-at="2025-06-26T16:08:30 IST" duration-ms="234" status="PASS">
          <params>
            <param index="0">
              <value>
                <![CDATA[org.testng.TestRunner@4b6d92e]]>
              </value>
            </param>
          </params>
          <reporter-output>
          </reporter-output>
        </test-method> <!-- setUpClass -->
        <test-method signature="runScenario(io.cucumber.testng.PickleWrapper,io.cucumber.testng.FeatureWrapper)[pri:0, instance:amazonRunners.TestRunner@158d2680]" started-at="2025-06-26T16:08:30 IST" name="runScenario" description="Runs Cucumber Scenarios" data-provider="scenarios" finished-at="2025-06-26T16:10:22 IST" duration-ms="112222" status="PASS">
          <params>
            <param index="0">
              <value>
                <![CDATA["Click on Login button"]]>
              </value>
            </param>
            <param index="1">
              <value>
                <![CDATA["Login feature"]]>
              </value>
            </param>
          </params>
          <reporter-output>
          </reporter-output>
        </test-method> <!-- runScenario -->
        <test-method signature="runScenario(io.cucumber.testng.PickleWrapper,io.cucumber.testng.FeatureWrapper)[pri:0, instance:amazonRunners.TestRunner@158d2680]" started-at="2025-06-26T16:10:22 IST" name="runScenario" description="Runs Cucumber Scenarios" data-provider="scenarios" finished-at="2025-06-26T16:12:45 IST" duration-ms="143487" status="PASS">
          <params>
            <param index="0">
              <value>
                <![CDATA["Verify login with valid creds"]]>
              </value>
            </param>
            <param index="1">
              <value>
                <![CDATA["Login feature"]]>
              </value>
            </param>
          </params>
          <reporter-output>
          </reporter-output>
        </test-method> <!-- runScenario -->
        <test-method is-config="true" signature="tearDownClass()[pri:0, instance:amazonRunners.TestRunner@158d2680]" started-at="2025-06-26T16:12:45 IST" name="tearDownClass" finished-at="2025-06-26T16:12:48 IST" duration-ms="2325" status="PASS">
          <reporter-output>
          </reporter-output>
        </test-method> <!-- tearDownClass -->
      </class> <!-- amazonRunners.TestRunner -->
    </test> <!-- Default test -->
  </suite> <!-- Default suite -->
</testng-results>
